<?xml version="1.0" encoding="UTF-8"?>
<!-- Generated by org.testng.reporters.JUnitReportReporter -->
<testsuite hostname="HomeLaptop-PC" name="com.tranings.advanceselenium.waytoautomation.tests.TestScriptAdvanceElements" tests="1" failures="0" timestamp="5 Sep 2016 11:47:23 GMT" time="21.668" errors="0">
  <testcase name="testAlert" time="21.668" classname="com.tranings.advanceselenium.waytoautomation.tests.TestScriptAdvanceElements"/>
</testsuite> <!-- com.tranings.advanceselenium.waytoautomation.tests.TestScriptAdvanceElements -->
