<?xml version="1.0" encoding="UTF-8"?>
<!-- Generated by org.testng.reporters.JUnitReportReporter -->
<testsuite hostname="HomeLaptop-PC" name="com.tranings.advanceselenium.waytoautomation.tests.TestScriptSimpleElements" tests="4" failures="0" timestamp="13 Sep 2016 06:52:09 GMT" time="46.443" errors="0">
  <testcase name="testSelectables" time="6.004" classname="com.tranings.advanceselenium.waytoautomation.tests.TestScriptSimpleElements"/>
  <testcase name="testDynamicElements" time="5.415" classname="com.tranings.advanceselenium.waytoautomation.tests.TestScriptSimpleElements"/>
  <testcase name="testToolTip" time="4.980" classname="com.tranings.advanceselenium.waytoautomation.tests.TestScriptSimpleElements"/>
  <testcase name="testDatePicker" time="30.044" classname="com.tranings.advanceselenium.waytoautomation.tests.TestScriptSimpleElements"/>
</testsuite> <!-- com.tranings.advanceselenium.waytoautomation.tests.TestScriptSimpleElements -->
