<?xml version="1.0" encoding="UTF-8"?>
<!-- Generated by org.testng.reporters.JUnitReportReporter -->
<testsuite hostname="HomeLaptop-PC" name="com.tranings.advanceselenium.waytoautomation.tests.TestScriptSimpleElements" tests="1" failures="0" timestamp="22 Sep 2016 16:56:06 GMT" time="31.796" errors="0">
  <testcase name="testDatePicker" time="31.796" classname="com.tranings.advanceselenium.waytoautomation.tests.TestScriptSimpleElements"/>
</testsuite> <!-- com.tranings.advanceselenium.waytoautomation.tests.TestScriptSimpleElements -->
