<?xml version="1.0" encoding="UTF-8"?>
<!-- Generated by org.testng.reporters.JUnitReportReporter -->
<testsuite hostname="HomeLaptop-PC" name="com.tranings.advanceselenium.waytoautomation.tests.TestScriptSimpleElements" tests="1" failures="0" timestamp="17 Sep 2016 10:40:57 GMT" time="20.947" errors="0">
  <testcase name="testDatePicker" time="20.947" classname="com.tranings.advanceselenium.waytoautomation.tests.TestScriptSimpleElements"/>
</testsuite> <!-- com.tranings.advanceselenium.waytoautomation.tests.TestScriptSimpleElements -->
