<?xml version="1.0" encoding="UTF-8"?>
<!-- Generated by org.testng.reporters.JUnitReportReporter -->
<testsuite hostname="HomeLaptop-PC" name="com.tranings.advanceselenium.waytoautomation.tests.TestScriptSimpleElements" tests="4" failures="0" timestamp="9 Sep 2016 06:27:12 GMT" time="43.699" errors="0">
  <testcase name="testSelectables" time="5.889" classname="com.tranings.advanceselenium.waytoautomation.tests.TestScriptSimpleElements"/>
  <testcase name="testDynamicElements" time="5.707" classname="com.tranings.advanceselenium.waytoautomation.tests.TestScriptSimpleElements"/>
  <testcase name="testToolTip" time="4.471" classname="com.tranings.advanceselenium.waytoautomation.tests.TestScriptSimpleElements"/>
  <testcase name="testDatePicker" time="27.632" classname="com.tranings.advanceselenium.waytoautomation.tests.TestScriptSimpleElements"/>
</testsuite> <!-- com.tranings.advanceselenium.waytoautomation.tests.TestScriptSimpleElements -->
