<?xml version="1.0" encoding="UTF-8"?>
<!-- Generated by org.testng.reporters.JUnitReportReporter -->
<testsuite hostname="HomeLaptop-PC" name="com.tranings.advanceselenium.waytoautomation.tests.TestScriptSimpleElements" tests="4" failures="0" timestamp="7 Sep 2016 11:12:23 GMT" time="44.587" errors="0">
  <testcase name="testSelectables" time="5.650" classname="com.tranings.advanceselenium.waytoautomation.tests.TestScriptSimpleElements"/>
  <testcase name="testToolTip" time="5.150" classname="com.tranings.advanceselenium.waytoautomation.tests.TestScriptSimpleElements"/>
  <testcase name="testDatePicker" time="28.341" classname="com.tranings.advanceselenium.waytoautomation.tests.TestScriptSimpleElements"/>
  <testcase name="testDynamicElements" time="5.446" classname="com.tranings.advanceselenium.waytoautomation.tests.TestScriptSimpleElements"/>
</testsuite> <!-- com.tranings.advanceselenium.waytoautomation.tests.TestScriptSimpleElements -->
