<?xml version="1.0" encoding="UTF-8"?>
<!-- Generated by org.testng.reporters.JUnitReportReporter -->
<testsuite hostname="HomeLaptop-PC" name="com.tranings.advanceselenium.waytoautomation.tests.TestScriptAdvanceElements" tests="1" failures="0" timestamp="20 Sep 2016 02:00:06 GMT" time="19.401" errors="0">
  <testcase name="testAlert" time="19.401" classname="com.tranings.advanceselenium.waytoautomation.tests.TestScriptAdvanceElements"/>
</testsuite> <!-- com.tranings.advanceselenium.waytoautomation.tests.TestScriptAdvanceElements -->
