<?xml version="1.0" encoding="UTF-8"?>
<!-- Generated by org.testng.reporters.JUnitReportReporter -->
<testsuite hostname="HomeLaptop-PC" name="com.tranings.advanceselenium.waytoautomation.tests.TestScriptAdvanceElements" tests="2" failures="0" timestamp="27 Sep 2016 02:33:08 GMT" time="39.319" errors="0">
  <testcase name="testDraggable" time="16.084" classname="com.tranings.advanceselenium.waytoautomation.tests.TestScriptAdvanceElements"/>
  <testcase name="testAlert" time="23.235" classname="com.tranings.advanceselenium.waytoautomation.tests.TestScriptAdvanceElements"/>
</testsuite> <!-- com.tranings.advanceselenium.waytoautomation.tests.TestScriptAdvanceElements -->
